Copyright 1986-2022 Xilinx, Inc. All Rights Reserved. Copyright 2022-2023 Advanced Micro Devices, Inc. All Rights Reserved.
---------------------------------------------------------------------------------------------------------------------------------------------
| Tool Version : Vivado v.2023.2 (win64) Build 4029153 Fri Oct 13 20:14:34 MDT 2023
| Date         : Sun Feb  4 15:21:16 2024
| Host         : pisterlabNIH running 64-bit major release  (build 9200)
| Command      : report_drc -file decode_drc_routed.rpt -pb decode_drc_routed.pb -rpx decode_drc_routed.rpx
| Design       : decode
| Device       : xc7a50tfgg484-1
| Speed File   : -1
| Design State : Fully Routed
---------------------------------------------------------------------------------------------------------------------------------------------

Report DRC

Table of Contents
-----------------
1. REPORT SUMMARY
2. REPORT DETAILS

1. REPORT SUMMARY
-----------------
            Netlist: netlist
          Floorplan: design_1
      Design limits: <entire design considered>
           Ruledeck: default
             Max violations: <unlimited>
             Violations found: 7
+-----------+----------+--------------------------------+------------+
| Rule      | Severity | Description                    | Violations |
+-----------+----------+--------------------------------+------------+
| BUFC-1    | Warning  | Input Buffer Connections       | 5          |
| CFGBVS-3  | Warning  | CONFIG_VOLTAGE Design Property | 1          |
| RTSTAT-10 | Warning  | No routable loads              | 1          |
+-----------+----------+--------------------------------+------------+

2. REPORT DETAILS
-----------------
BUFC-1#1 Warning
Input Buffer Connections  
Input buffer okHI/delays[11].iobf0/IBUF (in okHI/delays[11].iobf0 macro) has no loads. It is recommended to have an input buffer drive an internal load.
Related violations: <none>

BUFC-1#2 Warning
Input Buffer Connections  
Input buffer okHI/delays[12].iobf0/IBUF (in okHI/delays[12].iobf0 macro) has no loads. It is recommended to have an input buffer drive an internal load.
Related violations: <none>

BUFC-1#3 Warning
Input Buffer Connections  
Input buffer okHI/delays[13].iobf0/IBUF (in okHI/delays[13].iobf0 macro) has no loads. It is recommended to have an input buffer drive an internal load.
Related violations: <none>

BUFC-1#4 Warning
Input Buffer Connections  
Input buffer okHI/delays[14].iobf0/IBUF (in okHI/delays[14].iobf0 macro) has no loads. It is recommended to have an input buffer drive an internal load.
Related violations: <none>

BUFC-1#5 Warning
Input Buffer Connections  
Input buffer okHI/delays[15].iobf0/IBUF (in okHI/delays[15].iobf0 macro) has no loads. It is recommended to have an input buffer drive an internal load.
Related violations: <none>

CFGBVS-3#1 Warning
CONFIG_VOLTAGE Design Property  
The CONFIG_VOLTAGE property is not set for current_design. To indicate what the configuration bank VCCO will be, the CONFIG_VOLTAGE property must be set to 1.5, 1.8, 2.5, 3.3.  Refer to device configuration user guide for more information.
Related violations: <none>

RTSTAT-10#1 Warning
No routable loads  
2 net(s) have no routable loads. The problem bus(es) and/or net(s) are okHI/core0/core0/a0/cb0/U0/inst_fifo_gen/gconvfifo.rf/grf.rf/gntv_or_sync_fifo.gl0.wr/gwss.wsts/ram_afull_fb
okHI/core0/core0/a0/cb0/U0/inst_fifo_gen/gconvfifo.rf/grf.rf/gntv_or_sync_fifo.gl0.wr/gwss.wsts/ram_afull_i.
Related violations: <none>


