Copyright 1986-2022 Xilinx, Inc. All Rights Reserved. Copyright 2022-2023 Advanced Micro Devices, Inc. All Rights Reserved.
---------------------------------------------------------------------------------------------------------------------------------------------
| Tool Version : Vivado v.2023.2 (win64) Build 4029153 Fri Oct 13 20:14:34 MDT 2023
| Date         : Wed Feb 21 15:51:08 2024
| Host         : pisterlabNIH running 64-bit major release  (build 9200)
| Command      : report_clock_utilization -file TOP_clock_utilization_routed.rpt
| Design       : TOP
| Device       : 7a50t-fgg484
| Speed File   : -1  PRODUCTION 1.23 2018-06-13
| Design State : Routed
---------------------------------------------------------------------------------------------------------------------------------------------

Clock Utilization Report

Table of Contents
-----------------
1. Clock Primitive Utilization
2. Global Clock Resources
3. Global Clock Source Details
4. Local Clock Details
5. Clock Regions: Key Resource Utilization
6. Clock Regions : Global Clock Summary
7. Device Cell Placement Summary for Global Clock g0
8. Device Cell Placement Summary for Global Clock g1
9. Device Cell Placement Summary for Global Clock g2
10. Device Cell Placement Summary for Global Clock g3
11. Device Cell Placement Summary for Global Clock g4
12. Device Cell Placement Summary for Global Clock g5
13. Device Cell Placement Summary for Global Clock g6
14. Device Cell Placement Summary for Global Clock g7
15. Device Cell Placement Summary for Global Clock g8
16. Device Cell Placement Summary for Global Clock g9
17. Device Cell Placement Summary for Global Clock g10
18. Clock Region Cell Placement per Global Clock: Region X0Y0
19. Clock Region Cell Placement per Global Clock: Region X1Y0
20. Clock Region Cell Placement per Global Clock: Region X1Y1

1. Clock Primitive Utilization
------------------------------

+----------+------+-----------+-----+--------------+--------+
| Type     | Used | Available | LOC | Clock Region | Pblock |
+----------+------+-----------+-----+--------------+--------+
| BUFGCTRL |   11 |        32 |   0 |            0 |      0 |
| BUFH     |    0 |        72 |   0 |            0 |      0 |
| BUFIO    |    0 |        20 |   0 |            0 |      0 |
| BUFMR    |    0 |        10 |   0 |            0 |      0 |
| BUFR     |    0 |        20 |   0 |            0 |      0 |
| MMCM     |    1 |         5 |   0 |            0 |      0 |
| PLL      |    2 |         5 |   0 |            0 |      0 |
+----------+------+-----------+-----+--------------+--------+


2. Global Clock Resources
-------------------------

+-----------+-----------+-----------------+------------+----------------+--------------+-------------------+-------------+-----------------+--------------+---------------------------+------------------------------+---------------------------------------+
| Global Id | Source Id | Driver Type/Pin | Constraint | Site           | Clock Region | Load Clock Region | Clock Loads | Non-Clock Loads | Clock Period | Clock                     | Driver Pin                   | Net                                   |
+-----------+-----------+-----------------+------------+----------------+--------------+-------------------+-------------+-----------------+--------------+---------------------------+------------------------------+---------------------------------------+
| g0        | src0      | BUFG/O          | None       | BUFGCTRL_X0Y0  | n/a          |                 1 |         625 |               0 |       20.830 | mmcm0_clk0                | okHI/mmcm0_bufg/O            | okHI/mmcm0_bufg_0                     |
| g1        | src1      | BUFG/O          | None       | BUFGCTRL_X0Y1  | n/a          |                 2 |         128 |               1 |       50.000 | clk_2fs_clk_wiz_0         | CLK/inst/clkout2_buf/O       | CLK/inst/clk_2fs                      |
| g2        | src2      | BUFG/O          | None       | BUFGCTRL_X0Y16 | n/a          |                 1 |           1 |               0 |        5.000 | sys_clk                   | CLK/inst/clkin1_bufg/O       | CLK/inst/clk_in1_clk_wiz_0            |
| g3        | src3      | BUFG/O          | None       | BUFGCTRL_X0Y6  | n/a          |                 1 |           1 |               0 |       50.000 | clkfbout_clk_wiz_0        | CLK/inst/clkf_buf/O          | CLK/inst/clkfbout_buf_clk_wiz_0       |
| g4        | src4      | BUFG/O          | None       | BUFGCTRL_X0Y17 | n/a          |                 1 |           1 |               0 |              |                           | U_clk_ext/inst/clkin1_bufg/O | U_clk_ext/inst/clk_in1_clk_wiz_1      |
| g5        | src5      | BUFG/O          | None       | BUFGCTRL_X0Y7  | n/a          |                 1 |           1 |               0 |              |                           | U_clk_ext/inst/clkf_buf/O    | U_clk_ext/inst/clkfbout_buf_clk_wiz_1 |
| g6        | src6      | BUFG/O          | None       | BUFGCTRL_X0Y8  | n/a          |                 1 |           1 |               0 |       20.830 | mmcm0_clkfb               | okHI/mmcm0fb_bufg/O          | okHI/mmcm0_clkfb_bufg                 |
| g7        | src7      | BUFG/O          | None       | BUFGCTRL_X0Y3  | n/a          |                 1 |           0 |               1 |       50.000 | clk_2fs_noshift_clk_wiz_0 | CLK/inst/clkout3_buf/O       | CLK/inst/clk_2fs_noshift              |
| g8        | src8      | BUFG/O          | None       | BUFGCTRL_X0Y2  | n/a          |                 1 |           0 |               1 |      100.000 | clk_fs_clk_wiz_0          | CLK/inst/clkout1_buf/O       | CLK/inst/clk_fs                       |
| g9        | src9      | BUFG/O          | None       | BUFGCTRL_X0Y5  | n/a          |                 1 |           0 |               1 |          n/a | n/a                       | U_clk_ext/inst/clkout2_buf/O | U_clk_ext/inst/clk_ext_2fs            |
| g10       | src10     | BUFG/O          | None       | BUFGCTRL_X0Y4  | n/a          |                 1 |           0 |               1 |          n/a | n/a                       | U_clk_ext/inst/clkout1_buf/O | U_clk_ext/inst/clk_ext_2fs_shifted    |
+-----------+-----------+-----------------+------------+----------------+--------------+-------------------+-------------+-----------------+--------------+---------------------------+------------------------------+---------------------------------------+
* Clock Loads column represents cell count of net connects that connect to a clock pin. Internal cell leaf pins are not considered
** Non-Clock Loads column represents cell count of non-clock pin loads


3. Global Clock Source Details
------------------------------

+-----------+-----------+---------------------+------------+-----------------+--------------+-------------+-----------------+---------------------+---------------------------+----------------------------------------+----------------------------------------------+
| Source Id | Global Id | Driver Type/Pin     | Constraint | Site            | Clock Region | Clock Loads | Non-Clock Loads | Source Clock Period | Source Clock              | Driver Pin                             | Net                                          |
+-----------+-----------+---------------------+------------+-----------------+--------------+-------------+-----------------+---------------------+---------------------------+----------------------------------------+----------------------------------------------+
| src0      | g0        | MMCME2_ADV/CLKOUT0  | None       | MMCME2_ADV_X0Y0 | X0Y0         |           1 |               0 |              20.830 | mmcm0_clk0                | okHI/mmcm0/CLKOUT0                     | okHI/mmcm0_clk0                              |
| src1      | g1        | PLLE2_ADV/CLKOUT1   | None       | PLLE2_ADV_X0Y0  | X0Y0         |           1 |               0 |              50.000 | clk_2fs_clk_wiz_0         | CLK/inst/plle2_adv_inst/CLKOUT1        | CLK/inst/clk_2fs_clk_wiz_0                   |
| src2      | g2        | IBUFDS/O            | IOB_X1Y74  | IOB_X1Y74       | X1Y1         |           1 |               0 |               5.000 | sys_clk                   | osc_clk/O                              | sys_clk                                      |
| src3      | g3        | PLLE2_ADV/CLKFBOUT  | None       | PLLE2_ADV_X0Y0  | X0Y0         |           1 |               0 |              50.000 | clkfbout_clk_wiz_0        | CLK/inst/plle2_adv_inst/CLKFBOUT       | CLK/inst/clkfbout_clk_wiz_0                  |
| src4      | g4        | IBUF/O              | IOB_X1Y72  | IOB_X1Y72       | X1Y1         |           1 |               0 |                     |                           | ext_clk/O                              | clk_in_buf                                   |
| src5      | g5        | PLLE2_ADV/CLKFBOUT  | None       | PLLE2_ADV_X1Y0  | X1Y0         |           1 |               0 |                     |                           | U_clk_ext/inst/plle2_adv_inst/CLKFBOUT | U_clk_ext/inst/clkfbout_clk_wiz_1            |
| src6      | g6        | MMCME2_ADV/CLKFBOUT | None       | MMCME2_ADV_X0Y0 | X0Y0         |           1 |               0 |              20.830 | mmcm0_clkfb               | okHI/mmcm0/CLKFBOUT                    | okHI/mmcm0_clkfb                             |
| src7      | g7        | PLLE2_ADV/CLKOUT2   | None       | PLLE2_ADV_X0Y0  | X0Y0         |           1 |               0 |              50.000 | clk_2fs_noshift_clk_wiz_0 | CLK/inst/plle2_adv_inst/CLKOUT2        | CLK/inst/clk_2fs_noshift_clk_wiz_0           |
| src8      | g8        | PLLE2_ADV/CLKOUT0   | None       | PLLE2_ADV_X0Y0  | X0Y0         |           1 |               0 |             100.000 | clk_fs_clk_wiz_0          | CLK/inst/plle2_adv_inst/CLKOUT0        | CLK/inst/clk_fs_clk_wiz_0                    |
| src9      | g9        | PLLE2_ADV/CLKOUT1   | None       | PLLE2_ADV_X1Y0  | X1Y0         |           1 |               0 |                     |                           | U_clk_ext/inst/plle2_adv_inst/CLKOUT1  | U_clk_ext/inst/clk_ext_2fs_clk_wiz_1         |
| src10     | g10       | PLLE2_ADV/CLKOUT0   | None       | PLLE2_ADV_X1Y0  | X1Y0         |           1 |               0 |                     |                           | U_clk_ext/inst/plle2_adv_inst/CLKOUT0  | U_clk_ext/inst/clk_ext_2fs_shifted_clk_wiz_1 |
+-----------+-----------+---------------------+------------+-----------------+--------------+-------------+-----------------+---------------------+---------------------------+----------------------------------------+----------------------------------------------+
* Clock Loads column represents cell count of net connects that connect to a clock pin. Internal cell leaf pins are not considered
** Non-Clock Loads column represents cell count of non-clock pin loads


4. Local Clock Details
----------------------

+----------+-----------------+------------+-------------------+--------------+-------------+-----------------+--------------+-------+-------------------------------------------------------------------+----------------------------------------------------------+
| Local Id | Driver Type/Pin | Constraint | Site/BEL          | Clock Region | Clock Loads | Non-Clock Loads | Clock Period | Clock | Driver Pin                                                        | Net                                                      |
+----------+-----------------+------------+-------------------+--------------+-------------+-----------------+--------------+-------+-------------------------------------------------------------------+----------------------------------------------------------+
| 0        | FDPE/Q          | None       | SLICE_X12Y40/A5FF | X0Y0         |           1 |               4 |              |       | okHI/core0/core0/a0/d0/lc4da648cb12eeeb24e4d199c1195ed93_reg[4]/Q | okHI/core0/core0/a0/d0/l380f95c05ffaf9f64e84defb5d30e949 |
+----------+-----------------+------------+-------------------+--------------+-------------+-----------------+--------------+-------+-------------------------------------------------------------------+----------------------------------------------------------+
* Local Clocks in this context represents only clocks driven by non-global buffers
** Clock Loads column represents cell count of net connects that connect to a clock pin. Internal cell leaf pins are not considered
*** Non-Clock Loads column represents cell count of non-clock pin loads


5. Clock Regions: Key Resource Utilization
------------------------------------------

+-------------------+--------------+--------------+--------------+--------------+--------------+--------------+--------------+--------------+--------------+--------------+--------------+--------------+--------------+--------------+--------------+
|                   | Global Clock |     BUFRs    |    BUFMRs    |    BUFIOs    |     MMCM     |      PLL     |      GT      |      PCI     |    ILOGIC    |    OLOGIC    |      FF      |     LUTM     |    RAMB18    |    RAMB36    |    DSP48E2   |
+-------------------+------+-------+------+-------+------+-------+------+-------+------+-------+------+-------+------+-------+------+-------+------+-------+------+-------+------+-------+------+-------+------+-------+------+-------+------+-------+
| Clock Region Name | Used | Avail | Used | Avail | Used | Avail | Used | Avail | Used | Avail | Used | Avail | Used | Avail | Used | Avail | Used | Avail | Used | Avail | Used | Avail | Used | Avail | Used | Avail | Used | Avail | Used | Avail |
+-------------------+------+-------+------+-------+------+-------+------+-------+------+-------+------+-------+------+-------+------+-------+------+-------+------+-------+------+-------+------+-------+------+-------+------+-------+------+-------+
| X0Y0              |    5 |    12 |    0 |     4 |    0 |     2 |    0 |     4 |    1 |     1 |    1 |     1 |    0 |     0 |    0 |     0 |   11 |    50 |   32 |    50 |  734 |  1200 |  261 |   400 |    1 |    20 |    1 |    10 |    0 |    20 |
| X1Y0              |    2 |    12 |    0 |     4 |    0 |     2 |    0 |     4 |    0 |     1 |    1 |     1 |    0 |     0 |    0 |     0 |    0 |    50 |    0 |    50 |    0 |  1500 |    0 |   450 |    0 |    40 |    0 |    20 |    0 |    20 |
| X0Y1              |    0 |    12 |    0 |     4 |    0 |     2 |    0 |     4 |    0 |     1 |    0 |     1 |    0 |     0 |    0 |     0 |    0 |    50 |    0 |    50 |    0 |  1200 |    0 |   400 |    0 |    20 |    0 |    10 |    0 |    20 |
| X1Y1              |    5 |    12 |    0 |     4 |    0 |     2 |    0 |     4 |    0 |     1 |    0 |     1 |    0 |     0 |    0 |     0 |    0 |    50 |    0 |    50 |    0 |  1500 |    0 |   450 |    0 |    40 |    0 |    20 |    0 |    20 |
| X0Y2              |    0 |    12 |    0 |     4 |    0 |     2 |    0 |     4 |    0 |     1 |    0 |     1 |    0 |     0 |    0 |     0 |    0 |    50 |    0 |    50 |    0 |  1800 |    0 |   400 |    0 |    20 |    0 |    10 |    0 |    20 |
| X1Y2              |    0 |    12 |    0 |     0 |    0 |     0 |    0 |     0 |    0 |     0 |    0 |     0 |    0 |     4 |    0 |     1 |    0 |     0 |    0 |     0 |    0 |   950 |    0 |   300 |    0 |    10 |    0 |     5 |    0 |    20 |
+-------------------+------+-------+------+-------+------+-------+------+-------+------+-------+------+-------+------+-------+------+-------+------+-------+------+-------+------+-------+------+-------+------+-------+------+-------+------+-------+
* Global Clock column represents track count; while other columns represents cell counts


6. Clock Regions : Global Clock Summary
---------------------------------------

All Modules
+----+----+----+
|    | X0 | X1 |
+----+----+----+
| Y2 |  0 |  0 |
| Y1 |  0 |  0 |
| Y0 |  0 |  0 |
+----+----+----+


7. Device Cell Placement Summary for Global Clock g0
----------------------------------------------------

+-----------+-----------------+-------------------+------------+-------------+----------------+-------------+----------+----------------+----------+-------------------+
| Global Id | Driver Type/Pin | Driver Region (D) | Clock      | Period (ns) | Waveform (ns)  | Slice Loads | IO Loads | Clocking Loads | GT Loads | Net               |
+-----------+-----------------+-------------------+------------+-------------+----------------+-------------+----------+----------------+----------+-------------------+
| g0        | BUFG/O          | n/a               | mmcm0_clk0 |      20.830 | {0.260 10.675} |         613 |        0 |              0 |        0 | okHI/mmcm0_bufg_0 |
+-----------+-----------------+-------------------+------------+-------------+----------------+-------------+----------+----------------+----------+-------------------+
* Slice Loads column represents load cell count of all cell types other than IO, GT and clock resources
** IO Loads column represents load cell count of IO types
*** Clocking Loads column represents load cell count that are clock resources (global clock buffer, MMCM, PLL, etc)
**** GT Loads column represents load cell count of GT types


+----+------+----+-----------------------+
|    | X0   | X1 | HORIZONTAL PROG DELAY |
+----+------+----+-----------------------+
| Y2 |    0 |  0 |                     - |
| Y1 |    0 |  0 |                     - |
| Y0 |  613 |  0 |                     0 |
+----+------+----+-----------------------+


8. Device Cell Placement Summary for Global Clock g1
----------------------------------------------------

+-----------+-----------------+-------------------+-------------------+-------------+-----------------+-------------+----------+----------------+----------+------------------+
| Global Id | Driver Type/Pin | Driver Region (D) | Clock             | Period (ns) | Waveform (ns)   | Slice Loads | IO Loads | Clocking Loads | GT Loads | Net              |
+-----------+-----------------+-------------------+-------------------+-------------+-----------------+-------------+----------+----------------+----------+------------------+
| g1        | BUFG/O          | n/a               | clk_2fs_clk_wiz_0 |      50.000 | {12.500 37.500} |         128 |        1 |              0 |        0 | CLK/inst/clk_2fs |
+-----------+-----------------+-------------------+-------------------+-------------+-----------------+-------------+----------+----------------+----------+------------------+
* Slice Loads column represents load cell count of all cell types other than IO, GT and clock resources
** IO Loads column represents load cell count of IO types
*** Clocking Loads column represents load cell count that are clock resources (global clock buffer, MMCM, PLL, etc)
**** GT Loads column represents load cell count of GT types


+----+------+----+-----------------------+
|    | X0   | X1 | HORIZONTAL PROG DELAY |
+----+------+----+-----------------------+
| Y2 |    0 |  0 |                     - |
| Y1 |    0 |  1 |                     0 |
| Y0 |  128 |  0 |                     0 |
+----+------+----+-----------------------+


9. Device Cell Placement Summary for Global Clock g2
----------------------------------------------------

+-----------+-----------------+-------------------+---------+-------------+---------------+-------------+----------+----------------+----------+----------------------------+
| Global Id | Driver Type/Pin | Driver Region (D) | Clock   | Period (ns) | Waveform (ns) | Slice Loads | IO Loads | Clocking Loads | GT Loads | Net                        |
+-----------+-----------------+-------------------+---------+-------------+---------------+-------------+----------+----------------+----------+----------------------------+
| g2        | BUFG/O          | n/a               | sys_clk |       5.000 | {0.000 2.500} |           0 |        0 |              1 |        0 | CLK/inst/clk_in1_clk_wiz_0 |
+-----------+-----------------+-------------------+---------+-------------+---------------+-------------+----------+----------------+----------+----------------------------+
* Slice Loads column represents load cell count of all cell types other than IO, GT and clock resources
** IO Loads column represents load cell count of IO types
*** Clocking Loads column represents load cell count that are clock resources (global clock buffer, MMCM, PLL, etc)
**** GT Loads column represents load cell count of GT types


+----+----+----+-----------------------+
|    | X0 | X1 | HORIZONTAL PROG DELAY |
+----+----+----+-----------------------+
| Y2 |  0 |  0 |                     - |
| Y1 |  0 |  0 |                     - |
| Y0 |  1 |  0 |                     0 |
+----+----+----+-----------------------+


10. Device Cell Placement Summary for Global Clock g3
-----------------------------------------------------

+-----------+-----------------+-------------------+--------------------+-------------+----------------+-------------+----------+----------------+----------+---------------------------------+
| Global Id | Driver Type/Pin | Driver Region (D) | Clock              | Period (ns) | Waveform (ns)  | Slice Loads | IO Loads | Clocking Loads | GT Loads | Net                             |
+-----------+-----------------+-------------------+--------------------+-------------+----------------+-------------+----------+----------------+----------+---------------------------------+
| g3        | BUFG/O          | n/a               | clkfbout_clk_wiz_0 |      50.000 | {0.000 25.000} |           0 |        0 |              1 |        0 | CLK/inst/clkfbout_buf_clk_wiz_0 |
+-----------+-----------------+-------------------+--------------------+-------------+----------------+-------------+----------+----------------+----------+---------------------------------+
* Slice Loads column represents load cell count of all cell types other than IO, GT and clock resources
** IO Loads column represents load cell count of IO types
*** Clocking Loads column represents load cell count that are clock resources (global clock buffer, MMCM, PLL, etc)
**** GT Loads column represents load cell count of GT types


+----+----+----+-----------------------+
|    | X0 | X1 | HORIZONTAL PROG DELAY |
+----+----+----+-----------------------+
| Y2 |  0 |  0 |                     - |
| Y1 |  0 |  0 |                     - |
| Y0 |  1 |  0 |                     0 |
+----+----+----+-----------------------+


11. Device Cell Placement Summary for Global Clock g4
-----------------------------------------------------

+-----------+-----------------+-------------------+-------+-------------+---------------+-------------+----------+----------------+----------+----------------------------------+
| Global Id | Driver Type/Pin | Driver Region (D) | Clock | Period (ns) | Waveform (ns) | Slice Loads | IO Loads | Clocking Loads | GT Loads | Net                              |
+-----------+-----------------+-------------------+-------+-------------+---------------+-------------+----------+----------------+----------+----------------------------------+
| g4        | BUFG/O          | n/a               |       |             |               |           0 |        0 |              1 |        0 | U_clk_ext/inst/clk_in1_clk_wiz_1 |
+-----------+-----------------+-------------------+-------+-------------+---------------+-------------+----------+----------------+----------+----------------------------------+
* Slice Loads column represents load cell count of all cell types other than IO, GT and clock resources
** IO Loads column represents load cell count of IO types
*** Clocking Loads column represents load cell count that are clock resources (global clock buffer, MMCM, PLL, etc)
**** GT Loads column represents load cell count of GT types


+----+----+----+-----------------------+
|    | X0 | X1 | HORIZONTAL PROG DELAY |
+----+----+----+-----------------------+
| Y2 |  0 |  0 |                     - |
| Y1 |  0 |  0 |                     - |
| Y0 |  0 |  1 |                     0 |
+----+----+----+-----------------------+


12. Device Cell Placement Summary for Global Clock g5
-----------------------------------------------------

+-----------+-----------------+-------------------+-------+-------------+---------------+-------------+----------+----------------+----------+---------------------------------------+
| Global Id | Driver Type/Pin | Driver Region (D) | Clock | Period (ns) | Waveform (ns) | Slice Loads | IO Loads | Clocking Loads | GT Loads | Net                                   |
+-----------+-----------------+-------------------+-------+-------------+---------------+-------------+----------+----------------+----------+---------------------------------------+
| g5        | BUFG/O          | n/a               |       |             |               |           0 |        0 |              1 |        0 | U_clk_ext/inst/clkfbout_buf_clk_wiz_1 |
+-----------+-----------------+-------------------+-------+-------------+---------------+-------------+----------+----------------+----------+---------------------------------------+
* Slice Loads column represents load cell count of all cell types other than IO, GT and clock resources
** IO Loads column represents load cell count of IO types
*** Clocking Loads column represents load cell count that are clock resources (global clock buffer, MMCM, PLL, etc)
**** GT Loads column represents load cell count of GT types


+----+----+----+-----------------------+
|    | X0 | X1 | HORIZONTAL PROG DELAY |
+----+----+----+-----------------------+
| Y2 |  0 |  0 |                     - |
| Y1 |  0 |  0 |                     - |
| Y0 |  0 |  1 |                     0 |
+----+----+----+-----------------------+


13. Device Cell Placement Summary for Global Clock g6
-----------------------------------------------------

+-----------+-----------------+-------------------+-------------+-------------+----------------+-------------+----------+----------------+----------+-----------------------+
| Global Id | Driver Type/Pin | Driver Region (D) | Clock       | Period (ns) | Waveform (ns)  | Slice Loads | IO Loads | Clocking Loads | GT Loads | Net                   |
+-----------+-----------------+-------------------+-------------+-------------+----------------+-------------+----------+----------------+----------+-----------------------+
| g6        | BUFG/O          | n/a               | mmcm0_clkfb |      20.830 | {0.000 10.415} |           0 |        0 |              1 |        0 | okHI/mmcm0_clkfb_bufg |
+-----------+-----------------+-------------------+-------------+-------------+----------------+-------------+----------+----------------+----------+-----------------------+
* Slice Loads column represents load cell count of all cell types other than IO, GT and clock resources
** IO Loads column represents load cell count of IO types
*** Clocking Loads column represents load cell count that are clock resources (global clock buffer, MMCM, PLL, etc)
**** GT Loads column represents load cell count of GT types


+----+----+----+-----------------------+
|    | X0 | X1 | HORIZONTAL PROG DELAY |
+----+----+----+-----------------------+
| Y2 |  0 |  0 |                     - |
| Y1 |  0 |  0 |                     - |
| Y0 |  1 |  0 |                     0 |
+----+----+----+-----------------------+


14. Device Cell Placement Summary for Global Clock g7
-----------------------------------------------------

+-----------+-----------------+-------------------+---------------------------+-------------+----------------+-------------+----------+----------------+----------+--------------------------+
| Global Id | Driver Type/Pin | Driver Region (D) | Clock                     | Period (ns) | Waveform (ns)  | Slice Loads | IO Loads | Clocking Loads | GT Loads | Net                      |
+-----------+-----------------+-------------------+---------------------------+-------------+----------------+-------------+----------+----------------+----------+--------------------------+
| g7        | BUFG/O          | n/a               | clk_2fs_noshift_clk_wiz_0 |      50.000 | {0.000 25.000} |           0 |        1 |              0 |        0 | CLK/inst/clk_2fs_noshift |
+-----------+-----------------+-------------------+---------------------------+-------------+----------------+-------------+----------+----------------+----------+--------------------------+
* Slice Loads column represents load cell count of all cell types other than IO, GT and clock resources
** IO Loads column represents load cell count of IO types
*** Clocking Loads column represents load cell count that are clock resources (global clock buffer, MMCM, PLL, etc)
**** GT Loads column represents load cell count of GT types


+----+----+----+-----------------------+
|    | X0 | X1 | HORIZONTAL PROG DELAY |
+----+----+----+-----------------------+
| Y2 |  0 |  0 |                     - |
| Y1 |  0 |  1 |                     0 |
| Y0 |  0 |  0 |                     - |
+----+----+----+-----------------------+


15. Device Cell Placement Summary for Global Clock g8
-----------------------------------------------------

+-----------+-----------------+-------------------+------------------+-------------+----------------+-------------+----------+----------------+----------+-----------------+
| Global Id | Driver Type/Pin | Driver Region (D) | Clock            | Period (ns) | Waveform (ns)  | Slice Loads | IO Loads | Clocking Loads | GT Loads | Net             |
+-----------+-----------------+-------------------+------------------+-------------+----------------+-------------+----------+----------------+----------+-----------------+
| g8        | BUFG/O          | n/a               | clk_fs_clk_wiz_0 |     100.000 | {0.000 50.000} |           0 |        1 |              0 |        0 | CLK/inst/clk_fs |
+-----------+-----------------+-------------------+------------------+-------------+----------------+-------------+----------+----------------+----------+-----------------+
* Slice Loads column represents load cell count of all cell types other than IO, GT and clock resources
** IO Loads column represents load cell count of IO types
*** Clocking Loads column represents load cell count that are clock resources (global clock buffer, MMCM, PLL, etc)
**** GT Loads column represents load cell count of GT types


+----+----+----+-----------------------+
|    | X0 | X1 | HORIZONTAL PROG DELAY |
+----+----+----+-----------------------+
| Y2 |  0 |  0 |                     - |
| Y1 |  0 |  1 |                     0 |
| Y0 |  0 |  0 |                     - |
+----+----+----+-----------------------+


16. Device Cell Placement Summary for Global Clock g9
-----------------------------------------------------

+-----------+-----------------+-------------------+-------+-------------+---------------+-------------+----------+----------------+----------+----------------------------+
| Global Id | Driver Type/Pin | Driver Region (D) | Clock | Period (ns) | Waveform (ns) | Slice Loads | IO Loads | Clocking Loads | GT Loads | Net                        |
+-----------+-----------------+-------------------+-------+-------------+---------------+-------------+----------+----------------+----------+----------------------------+
| g9        | BUFG/O          | n/a               |       |             |               |           0 |        1 |              0 |        0 | U_clk_ext/inst/clk_ext_2fs |
+-----------+-----------------+-------------------+-------+-------------+---------------+-------------+----------+----------------+----------+----------------------------+
* Slice Loads column represents load cell count of all cell types other than IO, GT and clock resources
** IO Loads column represents load cell count of IO types
*** Clocking Loads column represents load cell count that are clock resources (global clock buffer, MMCM, PLL, etc)
**** GT Loads column represents load cell count of GT types


+----+----+----+-----------------------+
|    | X0 | X1 | HORIZONTAL PROG DELAY |
+----+----+----+-----------------------+
| Y2 |  0 |  0 |                     - |
| Y1 |  0 |  1 |                     0 |
| Y0 |  0 |  0 |                     - |
+----+----+----+-----------------------+


17. Device Cell Placement Summary for Global Clock g10
------------------------------------------------------

+-----------+-----------------+-------------------+-------+-------------+---------------+-------------+----------+----------------+----------+------------------------------------+
| Global Id | Driver Type/Pin | Driver Region (D) | Clock | Period (ns) | Waveform (ns) | Slice Loads | IO Loads | Clocking Loads | GT Loads | Net                                |
+-----------+-----------------+-------------------+-------+-------------+---------------+-------------+----------+----------------+----------+------------------------------------+
| g10       | BUFG/O          | n/a               |       |             |               |           0 |        1 |              0 |        0 | U_clk_ext/inst/clk_ext_2fs_shifted |
+-----------+-----------------+-------------------+-------+-------------+---------------+-------------+----------+----------------+----------+------------------------------------+
* Slice Loads column represents load cell count of all cell types other than IO, GT and clock resources
** IO Loads column represents load cell count of IO types
*** Clocking Loads column represents load cell count that are clock resources (global clock buffer, MMCM, PLL, etc)
**** GT Loads column represents load cell count of GT types


+----+----+----+-----------------------+
|    | X0 | X1 | HORIZONTAL PROG DELAY |
+----+----+----+-----------------------+
| Y2 |  0 |  0 |                     - |
| Y1 |  0 |  1 |                     0 |
| Y0 |  0 |  0 |                     - |
+----+----+----+-----------------------+


18. Clock Region Cell Placement per Global Clock: Region X0Y0
-------------------------------------------------------------

+-----------+-------+-----------------+------------+-------------+-----------------+-----+-------------+------+-----+----+------+-----+---------+---------------------------------+
| Global Id | Track | Driver Type/Pin | Constraint | Clock Loads | Non-Clock Loads | FF  | Memory LUTs | RAMB | DSP | GT | MMCM | PLL | Hard IP | Net                             |
+-----------+-------+-----------------+------------+-------------+-----------------+-----+-------------+------+-----+----+------+-----+---------+---------------------------------+
| g0        | n/a   | BUFG/O          | None       |         613 |               0 | 609 |           1 |    2 |   0 |  0 |    0 |   0 |       0 | okHI/mmcm0_bufg_0               |
| g1        | n/a   | BUFG/O          | None       |         128 |               0 | 125 |           2 |    1 |   0 |  0 |    0 |   0 |       0 | CLK/inst/clk_2fs                |
| g2        | n/a   | BUFG/O          | None       |           1 |               0 |   0 |           0 |    0 |   0 |  0 |    0 |   1 |       0 | CLK/inst/clk_in1_clk_wiz_0      |
| g3        | n/a   | BUFG/O          | None       |           1 |               0 |   0 |           0 |    0 |   0 |  0 |    0 |   1 |       0 | CLK/inst/clkfbout_buf_clk_wiz_0 |
| g6        | n/a   | BUFG/O          | None       |           1 |               0 |   0 |           0 |    0 |   0 |  0 |    1 |   0 |       0 | okHI/mmcm0_clkfb_bufg           |
+-----------+-------+-----------------+------------+-------------+-----------------+-----+-------------+------+-----+----+------+-----+---------+---------------------------------+
* Clock Loads column represents cell count of net connects that connect to a clock pin. Internal cell leaf pins are not considered
** Non-Clock Loads column represents cell count of non-clock pin loads
*** Columns FF, LUTRAM, RAMB through 'Hard IP' represents load cell counts


19. Clock Region Cell Placement per Global Clock: Region X1Y0
-------------------------------------------------------------

+-----------+-------+-----------------+------------+-------------+-----------------+----+-------------+------+-----+----+------+-----+---------+---------------------------------------+
| Global Id | Track | Driver Type/Pin | Constraint | Clock Loads | Non-Clock Loads | FF | Memory LUTs | RAMB | DSP | GT | MMCM | PLL | Hard IP | Net                                   |
+-----------+-------+-----------------+------------+-------------+-----------------+----+-------------+------+-----+----+------+-----+---------+---------------------------------------+
| g4        | n/a   | BUFG/O          | None       |           1 |               0 |  0 |           0 |    0 |   0 |  0 |    0 |   1 |       0 | U_clk_ext/inst/clk_in1_clk_wiz_1      |
| g5        | n/a   | BUFG/O          | None       |           1 |               0 |  0 |           0 |    0 |   0 |  0 |    0 |   1 |       0 | U_clk_ext/inst/clkfbout_buf_clk_wiz_1 |
+-----------+-------+-----------------+------------+-------------+-----------------+----+-------------+------+-----+----+------+-----+---------+---------------------------------------+
* Clock Loads column represents cell count of net connects that connect to a clock pin. Internal cell leaf pins are not considered
** Non-Clock Loads column represents cell count of non-clock pin loads
*** Columns FF, LUTRAM, RAMB through 'Hard IP' represents load cell counts


20. Clock Region Cell Placement per Global Clock: Region X1Y1
-------------------------------------------------------------

+-----------+-------+-----------------+------------+-------------+-----------------+----+-------------+------+-----+----+------+-----+---------+------------------------------------+
| Global Id | Track | Driver Type/Pin | Constraint | Clock Loads | Non-Clock Loads | FF | Memory LUTs | RAMB | DSP | GT | MMCM | PLL | Hard IP | Net                                |
+-----------+-------+-----------------+------------+-------------+-----------------+----+-------------+------+-----+----+------+-----+---------+------------------------------------+
| g1        | n/a   | BUFG/O          | None       |           0 |               1 |  0 |           0 |    0 |   0 |  0 |    0 |   0 |       0 | CLK/inst/clk_2fs                   |
| g7        | n/a   | BUFG/O          | None       |           0 |               1 |  0 |           0 |    0 |   0 |  0 |    0 |   0 |       0 | CLK/inst/clk_2fs_noshift           |
| g8        | n/a   | BUFG/O          | None       |           0 |               1 |  0 |           0 |    0 |   0 |  0 |    0 |   0 |       0 | CLK/inst/clk_fs                    |
| g9        | n/a   | BUFG/O          | None       |           0 |               1 |  0 |           0 |    0 |   0 |  0 |    0 |   0 |       0 | U_clk_ext/inst/clk_ext_2fs         |
| g10       | n/a   | BUFG/O          | None       |           0 |               1 |  0 |           0 |    0 |   0 |  0 |    0 |   0 |       0 | U_clk_ext/inst/clk_ext_2fs_shifted |
+-----------+-------+-----------------+------------+-------------+-----------------+----+-------------+------+-----+----+------+-----+---------+------------------------------------+
* Clock Loads column represents cell count of net connects that connect to a clock pin. Internal cell leaf pins are not considered
** Non-Clock Loads column represents cell count of non-clock pin loads
*** Columns FF, LUTRAM, RAMB through 'Hard IP' represents load cell counts



# Location of BUFG Primitives 
set_property LOC BUFGCTRL_X0Y8 [get_cells okHI/mmcm0fb_bufg]
set_property LOC BUFGCTRL_X0Y0 [get_cells okHI/mmcm0_bufg]
set_property LOC BUFGCTRL_X0Y7 [get_cells U_clk_ext/inst/clkf_buf]
set_property LOC BUFGCTRL_X0Y17 [get_cells U_clk_ext/inst/clkin1_bufg]
set_property LOC BUFGCTRL_X0Y4 [get_cells U_clk_ext/inst/clkout1_buf]
set_property LOC BUFGCTRL_X0Y5 [get_cells U_clk_ext/inst/clkout2_buf]
set_property LOC BUFGCTRL_X0Y6 [get_cells CLK/inst/clkf_buf]
set_property LOC BUFGCTRL_X0Y16 [get_cells CLK/inst/clkin1_bufg]
set_property LOC BUFGCTRL_X0Y2 [get_cells CLK/inst/clkout1_buf]
set_property LOC BUFGCTRL_X0Y3 [get_cells CLK/inst/clkout3_buf]
set_property LOC BUFGCTRL_X0Y1 [get_cells CLK/inst/clkout2_buf]

# Location of IO Primitives which is load of clock spine
set_property LOC IOB_X1Y83 [get_cells clk_fs_OBUF_inst]
set_property LOC IOB_X1Y53 [get_cells clk_ext_2fs_shifted_OBUF_inst]
set_property LOC IOB_X1Y64 [get_cells clk_ext_2fs_OBUF_inst]
set_property LOC IOB_X1Y80 [get_cells clk_2fs_noshift_OBUF_inst]
set_property LOC IOB_X1Y65 [get_cells clk_2fs_OBUF_inst]

# Location of clock ports
set_property LOC IOB_X1Y72 [get_ports clk_in]
set_property LOC IOB_X0Y24 [get_ports hi_in[0]]
set_property LOC IOB_X1Y73 [get_ports sys_clk_n]
set_property LOC IOB_X1Y74 [get_ports sys_clk_p]

# Clock net "okHI/mmcm0_bufg_0" driven by instance "okHI/mmcm0_bufg" located at site "BUFGCTRL_X0Y0"
#startgroup
create_pblock {CLKAG_okHI/mmcm0_bufg_0}
add_cells_to_pblock [get_pblocks  {CLKAG_okHI/mmcm0_bufg_0}] [get_cells -filter { PRIMITIVE_GROUP != I/O && IS_PRIMITIVE==1 && PRIMITIVE_LEVEL !=INTERNAL } -of_object [get_pins -filter {DIRECTION==IN} -of_objects [get_nets -hierarchical -filter {PARENT=="okHI/mmcm0_bufg_0"}]]]
resize_pblock [get_pblocks {CLKAG_okHI/mmcm0_bufg_0}] -add {CLOCKREGION_X0Y0:CLOCKREGION_X0Y0}
#endgroup

# Clock net "CLK/inst/clk_2fs" driven by instance "CLK/inst/clkout2_buf" located at site "BUFGCTRL_X0Y1"
#startgroup
create_pblock {CLKAG_CLK/inst/clk_2fs}
add_cells_to_pblock [get_pblocks  {CLKAG_CLK/inst/clk_2fs}] [get_cells -filter { PRIMITIVE_GROUP != I/O && IS_PRIMITIVE==1 && PRIMITIVE_LEVEL !=INTERNAL && NAME!=clk_2fs_OBUF_inst} -of_object [get_pins -filter {DIRECTION==IN} -of_objects [get_nets -hierarchical -filter {PARENT=="CLK/inst/clk_2fs"}]]]
resize_pblock [get_pblocks {CLKAG_CLK/inst/clk_2fs}] -add {CLOCKREGION_X0Y0:CLOCKREGION_X0Y0}
#endgroup
